> Task :compileJava UP-TO-DATE
> Task :processResources UP-TO-DATE
> Task :classes UP-TO-DATE
> Task :resolveMainClassName UP-TO-DATE

> Task :bootRun

  .   ____          _            __ _ _
 /\\ / ___'_ __ _ _(_)_ __  __ _ \ \ \ \
( ( )\___ | '_ | '_| | '_ \/ _` | \ \ \ \
 \\/  ___)| |_)| | | | | || (_| |  ) ) ) )
  '  |____| .__|_| |_|_| |_\__, | / / / /
 =========|_|==============|___/=/_/_/_/

[32m :: Spring Boot :: [39m              [2m (v3.4.1)[0;39m

23:10:20 INFO  c.s.SearchEngineApplication - Starting SearchEngineApplication using Java 21.0.6 with PID 54495 (/Users/sujalkamble/Documents/Search-Engine/build/classes/java/main started by sujalkamble in /Users/sujalkamble/Documents/Search-Engine)
23:10:20 DEBUG c.s.SearchEngineApplication - Running with Spring Boot v3.4.1, Spring v6.2.1
23:10:20 INFO  c.s.SearchEngineApplication - The following 1 profile is active: "local"
23:10:21 INFO  o.s.d.r.c.RepositoryConfigurationDelegate - Multiple Spring Data modules found, entering strict repository configuration mode
23:10:21 INFO  o.s.d.r.c.RepositoryConfigurationDelegate - Bootstrapping Spring Data JPA repositories in DEFAULT mode.
23:10:21 INFO  o.s.d.r.c.RepositoryConfigurationDelegate - Finished Spring Data repository scanning in 79 ms. Found 3 JPA repository interfaces.
23:10:21 INFO  o.s.d.r.c.RepositoryConfigurationDelegate - Multiple Spring Data modules found, entering strict repository configuration mode
23:10:21 INFO  o.s.d.r.c.RepositoryConfigurationDelegate - Bootstrapping Spring Data Redis repositories in DEFAULT mode.
23:10:21 INFO  o.s.d.r.c.RepositoryConfigurationExtensionSupport - Spring Data Redis - Could not safely identify store assignment for repository candidate interface com.searchengine.repository.DocumentRepository; If you want this repository to be a Redis repository, consider annotating your entities with one of these annotations: org.springframework.data.redis.core.RedisHash (preferred), or consider extending one of the following types with your repository: org.springframework.data.keyvalue.repository.KeyValueRepository
23:10:21 INFO  o.s.d.r.c.RepositoryConfigurationExtensionSupport - Spring Data Redis - Could not safely identify store assignment for repository candidate interface com.searchengine.repository.InvertedIndexRepository; If you want this repository to be a Redis repository, consider annotating your entities with one of these annotations: org.springframework.data.redis.core.RedisHash (preferred), or consider extending one of the following types with your repository: org.springframework.data.keyvalue.repository.KeyValueRepository
23:10:21 INFO  o.s.d.r.c.RepositoryConfigurationExtensionSupport - Spring Data Redis - Could not safely identify store assignment for repository candidate interface com.searchengine.repository.SearchQueryRepository; If you want this repository to be a Redis repository, consider annotating your entities with one of these annotations: org.springframework.data.redis.core.RedisHash (preferred), or consider extending one of the following types with your repository: org.springframework.data.keyvalue.repository.KeyValueRepository
23:10:21 INFO  o.s.d.r.c.RepositoryConfigurationDelegate - Finished Spring Data repository scanning in 2 ms. Found 0 Redis repository interfaces.
23:10:21 INFO  o.s.b.w.e.tomcat.TomcatWebServer - Tomcat initialized with port 8080 (http)
23:10:21 INFO  o.a.catalina.core.StandardService - Starting service [Tomcat]
23:10:21 INFO  o.a.catalina.core.StandardEngine - Starting Servlet engine: [Apache Tomcat/10.1.34]
23:10:21 INFO  o.a.c.c.C.[Tomcat].[localhost].[/] - Initializing Spring embedded WebApplicationContext
23:10:21 INFO  o.s.b.w.s.c.ServletWebServerApplicationContext - Root WebApplicationContext: initialization completed in 694 ms
23:10:21 INFO  o.h.jpa.internal.util.LogHelper - HHH000204: Processing PersistenceUnitInfo [name: default]
23:10:21 INFO  org.hibernate.Version - HHH000412: Hibernate ORM core version 6.6.4.Final
23:10:21 INFO  o.h.c.i.RegionFactoryInitiator - HHH000026: Second-level cache disabled
23:10:21 INFO  o.s.o.j.p.SpringPersistenceUnitInfo - No LoadTimeWeaver setup: ignoring JPA class transformer
23:10:21 INFO  com.zaxxer.hikari.HikariDataSource - SearchEngineLocalPool - Starting...
23:10:21 INFO  com.zaxxer.hikari.pool.HikariPool - SearchEngineLocalPool - Added connection org.postgresql.jdbc.PgConnection@7740b0ab
23:10:21 INFO  com.zaxxer.hikari.HikariDataSource - SearchEngineLocalPool - Start completed.
23:10:21 WARN  org.hibernate.orm.deprecation - HHH90000025: PostgreSQLDialect does not need to be specified explicitly using 'hibernate.dialect' (remove the property setting and it will be selected by default)
23:10:21 INFO  o.hibernate.orm.connections.pooling - HHH10001005: Database info:
	Database JDBC URL [Connecting through datasource 'HikariDataSource (SearchEngineLocalPool)']
	Database driver: undefined/unknown
	Database version: 15.14
	Autocommit mode: undefined/unknown
	Isolation level: undefined/unknown
	Minimum pool size: undefined/unknown
	Maximum pool size: undefined/unknown
23:10:22 INFO  o.h.e.t.j.p.i.JtaPlatformInitiator - HHH000489: No JTA platform available (set 'hibernate.transaction.jta.platform' to enable JTA platform integration)
23:10:22 INFO  o.s.o.j.LocalContainerEntityManagerFactoryBean - Initialized JPA EntityManagerFactory for persistence unit 'default'
23:10:22 INFO  c.s.autocomplete.AutocompleteService - Loading autocomplete data from database...
23:10:22 DEBUG org.hibernate.SQL - 
    select
        sq1_0.id,
        sq1_0.clicks,
        sq1_0.count,
        sq1_0.last_searched_at,
        sq1_0.query 
    from
        search_queries sq1_0
Hibernate: 
    select
        sq1_0.id,
        sq1_0.clicks,
        sq1_0.count,
        sq1_0.last_searched_at,
        sq1_0.query 
    from
        search_queries sq1_0
23:10:22 INFO  c.s.autocomplete.AutocompleteService - Loaded search queries into autocomplete Trie
23:10:22 DEBUG org.hibernate.SQL - 
    select
        d1_0.id,
        d1_0.crawled_at,
        d1_0.raw_content,
        d1_0.title,
        d1_0.tokens,
        d1_0.url 
    from
        documents d1_0
Hibernate: 
    select
        d1_0.id,
        d1_0.crawled_at,
        d1_0.raw_content,
        d1_0.title,
        d1_0.tokens,
        d1_0.url 
    from
        documents d1_0
23:10:22 INFO  c.s.autocomplete.AutocompleteService - Autocomplete Trie loaded with 63553 words
23:10:22 INFO  o.s.d.j.r.query.QueryEnhancerFactory - Hibernate is in classpath; If applicable, HQL parser will be used.
23:10:23 WARN  o.s.b.a.o.j.JpaBaseConfiguration$JpaWebConfiguration - spring.jpa.open-in-view is enabled by default. Therefore, database queries may be performed during view rendering. Explicitly configure spring.jpa.open-in-view to disable this warning
23:10:23 INFO  o.s.b.w.e.tomcat.TomcatWebServer - Tomcat started on port 8080 (http) with context path '/'
23:10:23 INFO  c.s.SearchEngineApplication - Started SearchEngineApplication in 2.906 seconds (process running for 3.122)
23:10:58 INFO  o.a.c.c.C.[Tomcat].[localhost].[/] - Initializing Spring DispatcherServlet 'dispatcherServlet'
23:10:58 INFO  o.s.web.servlet.DispatcherServlet - Initializing Servlet 'dispatcherServlet'
23:10:58 INFO  o.s.web.servlet.DispatcherServlet - Completed initialization in 7 ms
